  ShaderProgram.cpp
  Matrix.cpp
c:\users\nate\documents\visual studio 2015\projects\final\matrix.cpp(148): warning C4244: '=': conversion from 'double' to 'float', possible loss of data
c:\users\nate\documents\visual studio 2015\projects\final\matrix.cpp(149): warning C4244: '=': conversion from 'double' to 'float', possible loss of data
c:\users\nate\documents\visual studio 2015\projects\final\matrix.cpp(150): warning C4244: '=': conversion from 'double' to 'float', possible loss of data
c:\users\nate\documents\visual studio 2015\projects\final\matrix.cpp(151): warning C4244: '=': conversion from 'double' to 'float', possible loss of data
c:\users\nate\documents\visual studio 2015\projects\final\matrix.cpp(165): warning C4244: '=': conversion from 'double' to 'float', possible loss of data
c:\users\nate\documents\visual studio 2015\projects\final\matrix.cpp(166): warning C4244: '=': conversion from 'double' to 'float', possible loss of data
c:\users\nate\documents\visual studio 2015\projects\final\matrix.cpp(167): warning C4244: '=': conversion from 'double' to 'float', possible loss of data
c:\users\nate\documents\visual studio 2015\projects\final\matrix.cpp(168): warning C4244: '=': conversion from 'double' to 'float', possible loss of data
c:\users\nate\documents\visual studio 2015\projects\final\matrix.cpp(172): warning C4244: '=': conversion from 'double' to 'float', possible loss of data
c:\users\nate\documents\visual studio 2015\projects\final\matrix.cpp(173): warning C4244: '=': conversion from 'double' to 'float', possible loss of data
c:\users\nate\documents\visual studio 2015\projects\final\matrix.cpp(174): warning C4244: '=': conversion from 'double' to 'float', possible loss of data
c:\users\nate\documents\visual studio 2015\projects\final\matrix.cpp(175): warning C4244: '=': conversion from 'double' to 'float', possible loss of data
c:\users\nate\documents\visual studio 2015\projects\final\matrix.cpp(213): warning C4244: 'argument': conversion from 'double' to 'float', possible loss of data
c:\users\nate\documents\visual studio 2015\projects\final\matrix.cpp(214): warning C4244: 'argument': conversion from 'double' to 'float', possible loss of data
  main.cpp
  Generating Code...
  NYUCodebase.vcxproj -> C:\Users\Nate\Documents\Visual Studio 2015\Projects\Final\Debug\NYUCodebase.exe
  NYUCodebase.vcxproj -> C:\Users\Nate\Documents\Visual Studio 2015\Projects\Final\Debug\NYUCodebase.pdb (Full PDB)
